<?xml version="1.0" encoding="UTF-8"?>
<!-- Generated by org.testng.reporters.JUnitReportReporter -->
<testsuite hostname="akshaypc" failures="0" tests="1" name="TestNG.seconndDemo" time="0.032" errors="0" timestamp="2025-01-09T22:32:39 IST" skipped="0">
  <testcase classname="TestNG.seconndDemo" name="f" time="0.032"/>
  <system-out/>
</testsuite> <!-- TestNG.seconndDemo -->
