<?xml version="1.0" encoding="UTF-8"?>
<!-- Generated by org.testng.reporters.JUnitReportReporter -->
<testsuite hostname="akshaypc" failures="0" tests="1" name="TestNG.firstTestCase" time="0.015" errors="0" timestamp="2025-01-09T20:45:21 IST" skipped="0">
  <testcase classname="TestNG.firstTestCase" name="openapp" time="0.015"/>
  <system-out/>
</testsuite> <!-- TestNG.firstTestCase -->
