<?xml version="1.0" encoding="UTF-8"?>
<!-- Generated by org.testng.reporters.JUnitReportReporter -->
<testsuite hostname="akshaypc" failures="0" tests="3" name="testCases.TC001_RegistrationTest" time="12.087" errors="0" timestamp="2025-02-10T17:16:07 IST" skipped="0">
  <testcase classname="testCases.TC001_RegistrationTest" name="verify_reg" time="4.247"/>
  <system-out/>
  <testcase classname="testCases.TC001_RegistrationTest" name="verify_reg" time="4.777"/>
  <system-out/>
  <testcase classname="testCases.TC001_RegistrationTest" name="verify_reg" time="3.063"/>
  <system-out/>
</testsuite> <!-- testCases.TC001_RegistrationTest -->
