<?xml version="1.0" encoding="UTF-8"?>
<!-- Generated by org.testng.reporters.JUnitReportReporter -->
<testsuite hostname="akshaypc" failures="0" tests="1" name="testCases.TC005_UpdatePersonalDetailsTest" time="6.554" errors="0" timestamp="2025-03-23T10:55:37 IST" skipped="0">
  <testcase classname="testCases.TC005_UpdatePersonalDetailsTest" name="Update_Personal_Data" time="6.554"/>
  <system-out/>
</testsuite> <!-- testCases.TC005_UpdatePersonalDetailsTest -->
