<?xml version="1.0" encoding="UTF-8"?>
<!-- Generated by org.testng.reporters.JUnitReportReporter -->
<testsuite hostname="akshaypc" failures="0" tests="2" name="TestNGLearn.BeforeClassAfterClass" time="0.012" errors="0" timestamp="2025-01-10T14:19:05 IST" skipped="0">
  <testcase classname="TestNGLearn.BeforeClassAfterClass" name="search" time="0.010"/>
  <system-out/>
  <testcase classname="TestNGLearn.BeforeClassAfterClass" name="advancesearch" time="0.002"/>
  <system-out/>
</testsuite> <!-- TestNGLearn.BeforeClassAfterClass -->
