<?xml version="1.0" encoding="UTF-8"?>
<!-- Generated by org.testng.reporters.JUnitReportReporter -->
<testsuite hostname="akshaypc" failures="0" tests="1" name="Amazon.TestNGDemo" time="0.035" errors="0" timestamp="2025-01-09T22:36:55 IST" skipped="0">
  <testcase classname="Amazon.TestNGDemo" name="f" time="0.035"/>
  <system-out/>
</testsuite> <!-- Amazon.TestNGDemo -->
