<?xml version="1.0" encoding="UTF-8"?>
<!-- Generated by org.testng.reporters.JUnitReportReporter -->
<testsuite hostname="akshaypc" failures="0" tests="1" name="testCases.TC001_RegistrationTest" time="2.464" errors="0" timestamp="2025-02-11T16:53:05 IST" skipped="0">
  <testcase classname="testCases.TC001_RegistrationTest" name="verify_reg" time="2.464"/>
  <system-out/>
</testsuite> <!-- testCases.TC001_RegistrationTest -->
