<?xml version="1.0" encoding="UTF-8"?>
<!-- Generated by org.testng.reporters.JUnitReportReporter -->
<testsuite hostname="akshaypc" failures="0" tests="2" name="TestNGLearn.beforeAfterMethod" time="0.039" errors="0" timestamp="2025-01-10T09:11:46 IST" skipped="0">
  <testcase classname="TestNGLearn.beforeAfterMethod" name="search" time="0.032"/>
  <system-out/>
  <testcase classname="TestNGLearn.beforeAfterMethod" name="advancesearch" time="0.007"/>
  <system-out/>
</testsuite> <!-- TestNGLearn.beforeAfterMethod -->
