<?xml version="1.0" encoding="UTF-8"?>
<!-- Generated by org.testng.reporters.JUnitReportReporter -->
<testsuite hostname="akshaypc" failures="0" tests="2" name="practice.a1" time="0.011" errors="0" timestamp="2025-01-12T20:08:07 IST" skipped="0">
  <testcase classname="practice.a1" name="Test" time="0.008"/>
  <system-out/>
  <testcase classname="practice.a1" name="Test2" time="0.003"/>
  <system-out/>
</testsuite> <!-- practice.a1 -->
