<?xml version="1.0" encoding="UTF-8"?>
<!-- Generated by org.testng.reporters.JUnitReportReporter -->
<testsuite hostname="akshaypc" failures="0" tests="2" name="Grouping.paymentTest" time="0.009" errors="0" timestamp="2025-01-11T12:39:37 IST" skipped="0">
  <testcase classname="Grouping.paymentTest" name="inr" time="0.004"/>
  <system-out/>
  <testcase classname="Grouping.paymentTest" name="usd" time="0.005"/>
  <system-out/>
</testsuite> <!-- Grouping.paymentTest -->
