<?xml version="1.0" encoding="UTF-8"?>
<!-- Generated by org.testng.reporters.JUnitReportReporter -->
<testsuite hostname="akshaypc" failures="0" tests="3" name="Grouping.signupTest" time="0.031" errors="0" timestamp="2025-01-11T09:40:04 IST" skipped="0">
  <testcase classname="Grouping.signupTest" name="signupEmail" time="0.025"/>
  <system-out/>
  <testcase classname="Grouping.signupTest" name="signupFacebook" time="0.003"/>
  <system-out/>
  <testcase classname="Grouping.signupTest" name="signupInsta" time="0.003"/>
  <system-out/>
</testsuite> <!-- Grouping.signupTest -->
