<?xml version="1.0" encoding="UTF-8"?>
<!-- Generated by org.testng.reporters.JUnitReportReporter -->
<testsuite hostname="akshaypc" failures="0" tests="2" name="BeforeTestAfterTest.c2" time="0.004" errors="0" timestamp="2025-02-03T09:17:17 IST" skipped="0">
  <testcase classname="BeforeTestAfterTest.c2" name="abc" time="0.002"/>
  <system-out/>
  <testcase classname="BeforeTestAfterTest.c2" name="abc" time="0.002"/>
  <system-out/>
</testsuite> <!-- BeforeTestAfterTest.c2 -->
