<?xml version="1.0" encoding="UTF-8"?>
<!-- Generated by org.testng.reporters.JUnitReportReporter -->
<testsuite hostname="akshaypc" failures="0" tests="1" name="ParaBank.LoginPageTest" time="2.777" errors="0" timestamp="2025-02-03T18:17:23 IST" skipped="0">
  <testcase classname="ParaBank.LoginPageTest" name="Testpage" time="2.777"/>
  <system-out/>
</testsuite> <!-- ParaBank.LoginPageTest -->
