<?xml version="1.0" encoding="UTF-8"?>
<!-- Generated by org.testng.reporters.JUnitReportReporter -->
<testsuite hostname="akshaypc" failures="0" tests="1" name="testCases.TC004_LoginForgotPassTest" time="2.649" errors="0" timestamp="2025-02-12T10:08:15 IST" skipped="0">
  <testcase classname="testCases.TC004_LoginForgotPassTest" name="Verify_ForgotPass" time="2.649"/>
  <system-out/>
</testsuite> <!-- testCases.TC004_LoginForgotPassTest -->
