<?xml version="1.0" encoding="UTF-8"?>
<!-- Generated by org.testng.reporters.JUnitReportReporter -->
<testsuite hostname="akshaypc" failures="0" tests="2" name="TestNGLearn.AllAnnotations" time="0.012" errors="0" timestamp="2025-01-10T16:05:08 IST" skipped="0">
  <testcase classname="TestNGLearn.AllAnnotations" name="test2" time="0.002"/>
  <system-out/>
  <testcase classname="TestNGLearn.AllAnnotations" name="test1" time="0.010"/>
  <system-out/>
</testsuite> <!-- TestNGLearn.AllAnnotations -->
