<?xml version="1.0" encoding="UTF-8"?>
<!-- Generated by org.testng.reporters.JUnitReportReporter -->
<testsuite hostname="akshaypc" failures="0" tests="1" name="seleniumPractice.NewTest" time="0.025" errors="0" timestamp="2025-01-09T22:40:27 IST" skipped="0">
  <testcase classname="seleniumPractice.NewTest" name="f" time="0.025"/>
  <system-out/>
</testsuite> <!-- seleniumPractice.NewTest -->
