<?xml version="1.0" encoding="UTF-8"?>
<!-- Generated by org.testng.reporters.JUnitReportReporter -->
<testsuite hostname="akshaypc" failures="0" tests="1" name="testCases.TC004_LoginForgotPassTest" time="7.160" errors="0" timestamp="2025-02-11T17:30:08 IST" skipped="0">
  <testcase classname="testCases.TC004_LoginForgotPassTest" name="Verify_ForgotPass" time="7.160"/>
  <system-out/>
</testsuite> <!-- testCases.TC004_LoginForgotPassTest -->
