<?xml version="1.0" encoding="UTF-8"?>
<!-- Generated by org.testng.reporters.JUnitReportReporter -->
<testsuite hostname="akshaypc" failures="0" tests="1" name="testCases.TC002_LoginTest" time="2.412" errors="0" timestamp="2025-02-10T17:18:14 IST" skipped="0">
  <testcase classname="testCases.TC002_LoginTest" name="verify_Login" time="2.412"/>
  <system-out/>
</testsuite> <!-- testCases.TC002_LoginTest -->
