<?xml version="1.0" encoding="UTF-8"?>
<!-- Generated by org.testng.reporters.JUnitReportReporter -->
<testsuite hostname="akshaypc" failures="0" tests="5" name="parameterisation.dpclass" time="13.782" errors="0" timestamp="2025-02-05T16:56:37 IST" skipped="0">
  <testcase classname="parameterisation.dpclass" name="TestLogin" time="1.676"/>
  <system-out/>
  <testcase classname="parameterisation.dpclass" name="TestLogin" time="2.982"/>
  <system-out/>
  <testcase classname="parameterisation.dpclass" name="TestLogin" time="1.668"/>
  <system-out/>
  <testcase classname="parameterisation.dpclass" name="TestLogin" time="1.534"/>
  <system-out/>
  <testcase classname="parameterisation.dpclass" name="TestLogin" time="5.922"/>
  <system-out/>
</testsuite> <!-- parameterisation.dpclass -->
