<?xml version="1.0" encoding="UTF-8"?>
<!-- Generated by org.testng.reporters.JUnitReportReporter -->
<testsuite hostname="akshaypc" failures="0" tests="1" name="testCases.TC001_RegistrationTest" time="5.246" errors="0" timestamp="2025-03-23T10:55:37 IST" skipped="0">
  <testcase classname="testCases.TC001_RegistrationTest" name="verify_reg" time="5.246"/>
  <system-out/>
</testsuite> <!-- testCases.TC001_RegistrationTest -->
