<?xml version="1.0" encoding="UTF-8"?>
<!-- Generated by org.testng.reporters.JUnitReportReporter -->
<testsuite hostname="akshaypc" failures="0" tests="1" name="testCases.TC005_UpdatePersonalDetailsTest" time="3.273" errors="0" timestamp="2025-02-12T11:00:49 IST" skipped="0">
  <testcase classname="testCases.TC005_UpdatePersonalDetailsTest" name="Update_Personal_Data" time="3.273"/>
  <system-out/>
</testsuite> <!-- testCases.TC005_UpdatePersonalDetailsTest -->
