<?xml version="1.0" encoding="UTF-8"?>
<!-- Generated by org.testng.reporters.JUnitReportReporter -->
<testsuite hostname="akshaypc" failures="0" tests="3" name="TestNG.TestLogin" time="0.014" errors="0" timestamp="2025-01-09T21:05:43 IST" skipped="0">
  <testcase classname="TestNG.TestLogin" name="openapp" time="0.012"/>
  <system-out/>
  <testcase classname="TestNG.TestLogin" name="loginapp" time="0.001"/>
  <system-out/>
  <testcase classname="TestNG.TestLogin" name="closeapp" time="0.001"/>
  <system-out/>
</testsuite> <!-- TestNG.TestLogin -->
