<?xml version="1.0" encoding="UTF-8"?>
<!-- Generated by org.testng.reporters.JUnitReportReporter -->
<testsuite hostname="akshaypc" failures="0" tests="1" name="testCases.TC001" time="5.400" errors="0" timestamp="2025-02-10T09:35:17 IST" skipped="0">
  <testcase classname="testCases.TC001" name="verify_reg" time="5.400"/>
  <system-out/>
</testsuite> <!-- testCases.TC001 -->
