<?xml version="1.0" encoding="UTF-8"?>
<!-- Generated by org.testng.reporters.JUnitReportReporter -->
<testsuite hostname="akshaypc" failures="0" tests="1" name="OrangeHRM.loginTest" time="1.211" errors="0" timestamp="2025-02-03T12:42:59 IST" skipped="0">
  <testcase classname="OrangeHRM.loginTest" name="TestLogin" time="1.211"/>
  <system-out/>
</testsuite> <!-- OrangeHRM.loginTest -->
