<?xml version="1.0" encoding="UTF-8"?>
<!-- Generated by org.testng.reporters.JUnitReportReporter -->
<testsuite hostname="akshaypc" failures="0" tests="3" name="Grouping.loginTest" time="0.036" errors="0" timestamp="2025-01-11T12:39:37 IST" skipped="0">
  <testcase classname="Grouping.loginTest" name="loginEmail" time="0.028"/>
  <system-out/>
  <testcase classname="Grouping.loginTest" name="loginFacebook" time="0.005"/>
  <system-out/>
  <testcase classname="Grouping.loginTest" name="loginInsta" time="0.003"/>
  <system-out/>
</testsuite> <!-- Grouping.loginTest -->
