<?xml version="1.0" encoding="UTF-8"?>
<!-- Generated by org.testng.reporters.JUnitReportReporter -->
<testsuite hostname="akshaypc" failures="0" tests="1" name="testCases.TC004_LoginForgotPassTest" time="4.026" errors="0" timestamp="2025-03-23T10:55:37 IST" skipped="0">
  <testcase classname="testCases.TC004_LoginForgotPassTest" name="Verify_ForgotPass" time="4.026"/>
  <system-out/>
</testsuite> <!-- testCases.TC004_LoginForgotPassTest -->
