<?xml version="1.0" encoding="UTF-8"?>
<!-- Generated by org.testng.reporters.JUnitReportReporter -->
<testsuite hostname="akshaypc" failures="0" tests="3" name="seleniumPractice.demo001" time="10.582" errors="0" timestamp="2025-02-07T10:48:29 IST" skipped="0">
  <testcase classname="seleniumPractice.demo001" name="open" time="9.074"/>
  <system-out/>
  <testcase classname="seleniumPractice.demo001" name="login" time="1.005"/>
  <system-out/>
  <testcase classname="seleniumPractice.demo001" name="close" time="0.503"/>
  <system-out/>
</testsuite> <!-- seleniumPractice.demo001 -->
