<?xml version="1.0" encoding="UTF-8"?>
<!-- Generated by org.testng.reporters.JUnitReportReporter -->
<testsuite hostname="akshaypc" failures="0" tests="6" name="Test.test01" time="0.307" errors="0" timestamp="2025-02-08T11:47:17 IST" skipped="0">
  <testcase classname="Test.test01" name="TestTitle" time="0.019"/>
  <system-out/>
  <testcase classname="Test.test01" name="Testurl" time="0.023"/>
  <system-out/>
  <testcase classname="Test.test01" name="TestTitle" time="0.074"/>
  <system-out/>
  <testcase classname="Test.test01" name="Testurl" time="0.036"/>
  <system-out/>
  <testcase classname="Test.test01" name="TestTitle" time="0.101"/>
  <system-out/>
  <testcase classname="Test.test01" name="Testurl" time="0.054"/>
  <system-out/>
</testsuite> <!-- Test.test01 -->
