<?xml version="1.0" encoding="UTF-8"?>
<!-- Generated by org.testng.reporters.JUnitReportReporter -->
<testsuite hostname="akshaypc" failures="0" tests="6" name="ParralelTesting.parralelTest" time="0.159" errors="0" timestamp="2025-02-05T09:47:44 IST" skipped="0">
  <testcase classname="ParralelTesting.parralelTest" name="getTitle" time="0.048"/>
  <system-out/>
  <testcase classname="ParralelTesting.parralelTest" name="getTitle" time="0.018"/>
  <system-out/>
  <testcase classname="ParralelTesting.parralelTest" name="getTitle" time="0.028"/>
  <system-out/>
  <testcase classname="ParralelTesting.parralelTest" name="getUrl" time="0.018"/>
  <system-out/>
  <testcase classname="ParralelTesting.parralelTest" name="getUrl" time="0.022"/>
  <system-out/>
  <testcase classname="ParralelTesting.parralelTest" name="getUrl" time="0.025"/>
  <system-out/>
</testsuite> <!-- ParralelTesting.parralelTest -->
