<?xml version="1.0" encoding="UTF-8"?>
<!-- Generated by org.testng.reporters.JUnitReportReporter -->
<testsuite hostname="akshaypc" failures="0" tests="3" name="testCases.TC001" time="13.127" errors="0" timestamp="2025-02-09T08:43:32 IST" skipped="0">
  <testcase classname="testCases.TC001" name="verify_reg" time="5.183"/>
  <system-out/>
  <testcase classname="testCases.TC001" name="verify_reg" time="2.727"/>
  <system-out/>
  <testcase classname="testCases.TC001" name="verify_reg" time="5.217"/>
  <system-out/>
</testsuite> <!-- testCases.TC001 -->
