<?xml version="1.0" encoding="UTF-8"?>
<!-- Generated by org.testng.reporters.JUnitReportReporter -->
<testsuite hostname="akshaypc" failures="0" tests="1" name="testCases.TC001_RegistrationTest" time="4.788" errors="0" timestamp="2025-02-11T10:48:28 IST" skipped="0">
  <testcase classname="testCases.TC001_RegistrationTest" name="verify_reg" time="4.788"/>
</testsuite> <!-- testCases.TC001_RegistrationTest -->
