<?xml version="1.0" encoding="UTF-8"?>
<!-- Generated by org.testng.reporters.JUnitReportReporter -->
<testsuite hostname="akshaypc" failures="0" tests="1" name="testCases.TC001_RegistrationTest" time="3.218" errors="0" timestamp="2025-02-12T10:12:50 IST" skipped="0">
  <testcase classname="testCases.TC001_RegistrationTest" name="verify_reg" time="3.218"/>
</testsuite> <!-- testCases.TC001_RegistrationTest -->
