<?xml version="1.0" encoding="UTF-8"?>
<!-- Generated by org.testng.reporters.JUnitReportReporter -->
<testsuite hostname="akshaypc" failures="0" tests="1" name="testCases.TC005_UpdatePersonalDetailsTest" time="3.209" errors="0" timestamp="2025-03-24T17:05:27 IST" skipped="0">
  <testcase classname="testCases.TC005_UpdatePersonalDetailsTest" name="Update_Personal_Data" time="3.209"/>
</testsuite> <!-- testCases.TC005_UpdatePersonalDetailsTest -->
