<?xml version="1.0" encoding="UTF-8"?>
<!-- Generated by org.testng.reporters.JUnitReportReporter -->
<testsuite hostname="akshaypc" failures="0" tests="1" name="testCases.TC004_LoginForgotPassTest" time="3.271" errors="0" timestamp="2025-03-24T18:04:08 IST" skipped="0">
  <testcase classname="testCases.TC004_LoginForgotPassTest" name="Verify_ForgotPass" time="3.271"/>
</testsuite> <!-- testCases.TC004_LoginForgotPassTest -->
