<?xml version="1.0" encoding="UTF-8"?>
<!-- Generated by org.testng.reporters.JUnitReportReporter -->
<testsuite hostname="akshaypc" failures="0" tests="1" name="testCases.TC001_RegistrationTest" time="2.714" errors="0" timestamp="2025-03-24T17:26:23 IST" skipped="0">
  <testcase classname="testCases.TC001_RegistrationTest" name="verify_reg" time="2.714"/>
</testsuite> <!-- testCases.TC001_RegistrationTest -->
