<?xml version="1.0" encoding="UTF-8"?>
<!-- Generated by org.testng.reporters.JUnitReportReporter -->
<testsuite hostname="akshaypc" failures="0" tests="1" name="testCases.TC001" time="3.615" errors="0" timestamp="2025-02-10T09:37:36 IST" skipped="0">
  <testcase classname="testCases.TC001" name="verify_reg" time="3.615"/>
</testsuite> <!-- testCases.TC001 -->
