<?xml version="1.0" encoding="UTF-8"?>
<!-- Generated by org.testng.reporters.JUnitReportReporter -->
<testsuite hostname="akshaypc" failures="0" tests="1" name="testCases.TC001" time="4.291" errors="0" timestamp="2025-02-09T12:18:00 IST" skipped="0">
  <testcase classname="testCases.TC001" name="verify_reg" time="4.291"/>
</testsuite> <!-- testCases.TC001 -->
