<?xml version="1.0" encoding="UTF-8"?>
<!-- Generated by org.testng.reporters.JUnitReportReporter -->
<testsuite hostname="akshaypc" failures="0" tests="1" name="testCases.TC002_LoginTest" time="1.602" errors="0" timestamp="2025-03-24T17:05:27 IST" skipped="0">
  <testcase classname="testCases.TC002_LoginTest" name="verify_Login" time="1.602"/>
</testsuite> <!-- testCases.TC002_LoginTest -->
